################################################################################
#                                                                              #
#    Micro Series 6801 Assembler V2.00/DOS              12/Apr/21  18:25:05    #
#                                                                              #
#       Source   =   tp2_p05.msa                                               #
#       List     =   tp2_p05.lst                                               #
#       Object   =   tp2_p05.r07                                               #
#       Options  =                                                             #
#                                                                              #
#                                               (c) Copyright IAR Systems 1990 #
################################################################################


    1                 *****************************************************************************************************************
    2                 *               TP2     EJERCICIO 5                     GRUPO 1                                                 *
    3                 *                                                                                                               *
    4                 * Consigna:                                                                                                     *
    5                 *       Divida el contenido de la posición de memoria $2200 en dos secciones de 4 bits (nibble).                *
    6                 *       Colocar el nibble más significativo en la posición $2202 y el nibble menos significativo                *
    7                 *       en la posición $2203. Completar con ceros las palabras para formar el byte.                             *
    8                 *****************************************************************************************************************
    9  0000                   p68H11
   10                 
   11  2200           INPUT   equ     $2200           Indico la posición de memoria del valor de entrada
   12                 
   13                 
   14  2000                   org     $2000
   15  2000           main    equ     *
   16  2000 7F2202            clr     ms_nib          Borro todo lo que haya en la posición del nibble más significativo
   17  2003 7F2203            clr     ls_nib          Hago lo mismo pero con el menos significativo
   18  2006 860F              ldaa    #$0F            Cargo la máscara $0F en el registro A (para extraer el nibble menos sign.)
   19  2008 B42200            anda    INPUT           Aplico la máscara sobre el byte del input para extraer el LS Nibble (A = A & input)
   20  200B B72203            staa    ls_nib          Guardo el resultado en la posición de ls_nib ($2203)
   21  200E 86F0              ldaa    #$F0            Cargo una máscara $F0 en A, esta vez para extraer el nibble más significativo
   22  2010 B42200            anda    INPUT           Aplico la máscara al input y guardo el resultado en A
   23  2013 B72202            staa    ms_nib          Guardo el resultado de la operación anterior en la posición de ms_nib ($2202)
   24                 
   25  2202                   org     $2202
   26  2202           ms_nib  rmb     1               Nibble más significativo
   27  2203           ls_nib  rmb     1               Nibble menos significativo
   28                 
   29                 
   30  2204 7E2204    fin     jmp     fin             Fin del programa
   31  2207                   end

    Errors:  None         ###########
    Bytes:   25           # tp2_p05 #
    CRC:     293B         ###########

